============================= test session starts =============================
platform win32 -- Python 3.13.13, pytest-9.1.1, pluggy-1.6.0 -- C:\Users\safad\QuantForge\.venv\Scripts\python.exe
cachedir: .pytest_cache
rootdir: C:\Users\safad\QuantForge
plugins: anyio-4.14.1, langsmith-0.10.2
collecting ... collected 265 items

tests/unit/test_dataset.py::test_future_return_classification_up PASSED  [  0%]
tests/unit/test_dataset.py::test_future_return_classification_down PASSED [  0%]
tests/unit/test_dataset.py::test_future_return_classification_neutral PASSED [  1%]
tests/unit/test_dataset.py::test_future_return_classification_none_at_end PASSED [  1%]
tests/unit/test_dataset.py::test_future_return_regression PASSED         [  1%]
tests/unit/test_dataset.py::test_tpsl_tp_hit PASSED                      [  2%]
tests/unit/test_dataset.py::test_tpsl_sl_hit PASSED                      [  2%]
tests/unit/test_dataset.py::test_metadata_serialization PASSED           [  3%]
tests/unit/test_dataset.py::test_metadata_version_uniqueness PASSED      [  3%]
tests/unit/test_dataset.py::test_dataset_builder_generation PASSED       [  3%]
tests/unit/test_dataset.py::test_dataset_builder_splits PASSED           [  4%]
tests/unit/test_dataset.py::test_dataset_builder_csv_export PASSED       [  4%]
tests/unit/test_decision.py::test_execution_import_isolation PASSED      [  4%]
tests/unit/test_decision.py::test_context_store_put_and_get PASSED       [  5%]
tests/unit/test_decision.py::test_context_store_expired_ttl PASSED       [  5%]
tests/unit/test_decision.py::test_context_store_bounded_memory PASSED    [  6%]
tests/unit/test_decision.py::test_context_store_invalidate_and_clear PASSED [  6%]
tests/unit/test_decision.py::test_invalid_policy_weight PASSED           [  6%]
tests/unit/test_decision.py::test_policy_weight_normalization PASSED     [  7%]
tests/unit/test_decision.py::test_valid_ml_fresh_aligned_intelligence PASSED [  7%]
tests/unit/test_decision.py::test_valid_ml_fresh_conflicting_intelligence PASSED [  7%]
tests/unit/test_decision.py::test_ml_only_fallback_allowed PASSED        [  8%]
tests/unit/test_decision.py::test_ml_only_fallback_rejected PASSED       [  8%]
tests/unit/test_decision.py::test_critical_ml_drift_rejection PASSED     [  9%]
tests/unit/test_decision.py::test_intel_risk_flags_rejection PASSED      [  9%]
tests/unit/test_decision.py::test_invalid_directional_values PASSED      [  9%]
tests/unit/test_decision.py::test_repeated_fusion_determinism PASSED     [ 10%]
tests/unit/test_decision.py::test_agreement_score_matrix PASSED          [ 10%]
tests/unit/test_decision.py::test_telemetry_and_latency_measurement PASSED [ 10%]
tests/unit/test_execution_adapter.py::test_valid_buy_market_execution PASSED [ 11%]
tests/unit/test_execution_adapter.py::test_valid_sell_market_execution PASSED [ 11%]
tests/unit/test_execution_adapter.py::test_valid_buy_limit_fill PASSED   [ 12%]
tests/unit/test_execution_adapter.py::test_valid_sell_limit_fill PASSED  [ 12%]
tests/unit/test_execution_adapter.py::test_unfilled_buy_limit_behavior PASSED [ 12%]
tests/unit/test_execution_adapter.py::test_unfilled_sell_limit_behavior PASSED [ 13%]
tests/unit/test_execution_adapter.py::test_partial_fill PASSED           [ 13%]
tests/unit/test_execution_adapter.py::test_insufficient_liquidity_rejection PASSED [ 13%]
tests/unit/test_execution_adapter.py::test_partial_fills_disabled PASSED [ 14%]
tests/unit/test_execution_adapter.py::test_filled_quantity_never_exceeds_requested_quantity PASSED [ 14%]
tests/unit/test_execution_adapter.py::test_filled_quantity_never_exceeds_available_liquidity PASSED [ 15%]
tests/unit/test_execution_adapter.py::test_stale_market_context_rejection PASSED [ 15%]
tests/unit/test_execution_adapter.py::test_future_timestamp_rejection PASSED [ 15%]
tests/unit/test_execution_adapter.py::test_expired_order_intent_rejection PASSED [ 16%]
tests/unit/test_execution_adapter.py::test_live_intent_rejection PASSED  [ 16%]
tests/unit/test_execution_adapter.py::test_shadow_intent_rejection PASSED [ 16%]
tests/unit/test_execution_adapter.py::test_invalid_nan_inf_values PASSED [ 17%]
tests/unit/test_execution_adapter.py::test_invalid_bid_ask_state PASSED  [ 17%]
tests/unit/test_execution_adapter.py::test_lineage_preservation PASSED   [ 18%]
tests/unit/test_execution_adapter.py::test_duplicate_execution_rejection PASSED [ 18%]
tests/unit/test_execution_adapter.py::test_idempotency_rollback_on_failure PASSED [ 18%]
tests/unit/test_execution_adapter.py::test_concurrent_duplicate_execution_safety PASSED [ 19%]
tests/unit/test_execution_adapter.py::test_bounded_idempotency_memory_behavior PASSED [ 19%]
tests/unit/test_execution_adapter.py::test_architecture_isolation_ast_tests PASSED [ 20%]
tests/unit/test_execution_authorization.py::test_valid_paper_authorization PASSED [ 20%]
tests/unit/test_execution_authorization.py::test_valid_shadow_authorization PASSED [ 20%]
tests/unit/test_execution_authorization.py::test_live_rejected_by_default PASSED [ 21%]
tests/unit/test_execution_authorization.py::test_explicitly_enabled_live_authorization PASSED [ 21%]
tests/unit/test_execution_authorization.py::test_execution_disabled_rejection PASSED [ 21%]
tests/unit/test_execution_authorization.py::test_kill_switch_rejection PASSED [ 22%]
tests/unit/test_execution_authorization.py::test_disabled_symbol_rejection PASSED [ 22%]
tests/unit/test_execution_authorization.py::test_lineage_proposal_mismatch PASSED [ 23%]
tests/unit/test_execution_authorization.py::test_lineage_risk_auth_id_mismatch PASSED [ 23%]
tests/unit/test_execution_authorization.py::test_lineage_symbol_mismatch PASSED [ 23%]
tests/unit/test_execution_authorization.py::test_lineage_direction_mismatch PASSED [ 24%]
tests/unit/test_execution_authorization.py::test_zero_or_negative_quantity PASSED [ 24%]
tests/unit/test_execution_authorization.py::test_nan_quantity_validation PASSED [ 24%]
tests/unit/test_execution_authorization.py::test_actual_risk_exceeding_authorized_risk PASSED [ 25%]
tests/unit/test_execution_authorization.py::test_bullish_bearish_neutral_mapping PASSED [ 25%]
tests/unit/test_execution_authorization.py::test_market_order_with_limit_price_rejection PASSED [ 26%]
tests/unit/test_execution_authorization.py::test_limit_order_without_limit_price_rejection PASSED [ 26%]
tests/unit/test_execution_authorization.py::test_stop_loss_orientation_violations PASSED [ 26%]
tests/unit/test_execution_authorization.py::test_take_profit_orientation_violations PASSED [ 27%]
tests/unit/test_execution_authorization.py::test_stale_market_data_gate PASSED [ 27%]
tests/unit/test_execution_authorization.py::test_future_market_data_skew_gate PASSED [ 27%]
tests/unit/test_execution_authorization.py::test_expired_proposal_rejection PASSED [ 28%]
tests/unit/test_execution_authorization.py::test_idempotency_store_bounds_ttl_rollback PASSED [ 28%]
tests/unit/test_execution_authorization.py::test_idempotency_store_rollback_on_construction_failure PASSED [ 29%]
tests/unit/test_execution_authorization.py::test_simultaneous_authorization_attempts_concurrency PASSED [ 29%]
tests/unit/test_execution_authorization.py::test_execution_authorization_import_isolation PASSED [ 29%]
tests/unit/test_experiment.py::test_models_to_from_dict PASSED           [ 30%]
tests/unit/test_experiment.py::test_git_commit_hash_resolution PASSED    [ 30%]
tests/unit/test_experiment.py::test_repository_lifecycle PASSED          [ 30%]
tests/unit/test_experiment.py::test_optimizer_integration PASSED         [ 31%]
tests/unit/test_inference.py::test_successful_single_inference_classification PASSED [ 31%]
tests/unit/test_inference.py::test_successful_single_inference_regression PASSED [ 32%]
tests/unit/test_inference.py::test_true_batch_inference PASSED           [ 32%]
tests/unit/test_inference.py::test_partial_batch_failure_semantics PASSED [ 32%]
tests/unit/test_inference.py::test_exact_model_version_pinning_and_no_implicit_switching PASSED [ 33%]
tests/unit/test_inference.py::test_cache_hits_and_invalidation_lifecycle PASSED [ 33%]
tests/unit/test_inference.py::test_explicit_reload PASSED                [ 33%]
tests/unit/test_inference.py::test_lifecycle_gates_eligibility PASSED    [ 34%]
tests/unit/test_inference.py::test_cached_model_becomes_deprecated_registry_check PASSED [ 34%]
tests/unit/test_inference.py::test_schema_feature_validation_failures PASSED [ 35%]
tests/unit/test_inference.py::test_canonical_feature_ordering_enforcement PASSED [ 35%]
tests/unit/test_inference.py::test_corrupted_model_artifact_load_handling PASSED [ 35%]
tests/unit/test_inference.py::test_prediction_model_exception_fail_closed PASSED [ 36%]
tests/unit/test_inference_trust.py::test_calculate_sha256 PASSED         [ 36%]
tests/unit/test_inference_trust.py::test_integrity_verifier_policies PASSED [ 36%]
tests/unit/test_inference_trust.py::test_platt_calibration PASSED        [ 37%]
tests/unit/test_inference_trust.py::test_isotonic_calibration PASSED     [ 37%]
tests/unit/test_inference_trust.py::test_evaluation_metrics PASSED       [ 38%]
tests/unit/test_inference_trust.py::test_feature_drift_calculations PASSED [ 38%]
tests/unit/test_inference_trust.py::test_active_drift_observer PASSED    [ 38%]
tests/unit/test_intelligence.py::test_registry_resolution PASSED         [ 39%]
tests/unit/test_intelligence.py::test_ollama_provider_health_check PASSED [ 39%]
tests/unit/test_intelligence.py::test_ollama_provider_generation PASSED  [ 40%]
tests/unit/test_intelligence.py::test_ollama_exceptions_translation PASSED [ 40%]
tests/unit/test_intelligence.py::test_structured_validation_pipeline PASSED [ 40%]
tests/unit/test_intelligence.py::test_architecture_import_boundary PASSED [ 41%]
tests/unit/test_metrics_engine.py::test_zero_trades PASSED               [ 41%]
tests/unit/test_metrics_engine.py::test_single_trade PASSED              [ 41%]
tests/unit/test_metrics_engine.py::test_only_winning_trades PASSED       [ 42%]
tests/unit/test_metrics_engine.py::test_only_losing_trades PASSED        [ 42%]
tests/unit/test_metrics_engine.py::test_mixed_trades PASSED              [ 43%]
tests/unit/test_metrics_engine.py::test_open_trades_ignored PASSED       [ 43%]
tests/unit/test_metrics_engine.py::test_identical_close_time_values PASSED [ 43%]
tests/unit/test_metrics_engine.py::test_floating_point_precision_cases PASSED [ 44%]
tests/unit/test_metrics_engine.py::test_very_large_profit_loss_values PASSED [ 44%]
tests/unit/test_metrics_engine.py::test_drawdown_negative_zero_peak_edge_cases PASSED [ 44%]
tests/unit/test_optimization.py::test_validate_parameters_correct PASSED [ 45%]
tests/unit/test_optimization.py::test_validate_parameters_invalid_name PASSED [ 45%]
tests/unit/test_optimization.py::test_validate_parameters_invalid_values_type PASSED [ 46%]
tests/unit/test_optimization.py::test_validate_parameters_empty_values PASSED [ 46%]
tests/unit/test_optimization.py::test_validate_parameters_unknown_strategy PASSED [ 46%]
tests/unit/test_optimization.py::test_generate_parameter_grid_combinations PASSED [ 47%]
tests/unit/test_optimization.py::test_generate_parameter_grid_deduplication PASSED [ 47%]
tests/unit/test_optimization.py::test_optimizer_runs_and_ranks PASSED    [ 47%]
tests/unit/test_orchestration.py::test_successful_trading_cycle PASSED   [ 48%]
tests/unit/test_orchestration.py::test_validation_failure_clock_skew PASSED [ 48%]
tests/unit/test_orchestration.py::test_validation_failure_stale_cycle PASSED [ 49%]
tests/unit/test_orchestration.py::test_fusion_no_proposal PASSED         [ 49%]
tests/unit/test_orchestration.py::test_fusion_rejection PASSED           [ 49%]
tests/unit/test_orchestration.py::test_fusion_crash PASSED               [ 50%]
tests/unit/test_orchestration.py::test_risk_rejection PASSED             [ 50%]
tests/unit/test_orchestration.py::test_risk_crash PASSED                 [ 50%]
tests/unit/test_orchestration.py::test_sizing_non_positive_quantity PASSED [ 51%]
tests/unit/test_orchestration.py::test_sizing_risk_cap_violation PASSED  [ 51%]
tests/unit/test_orchestration.py::test_sizing_crash PASSED               [ 52%]
tests/unit/test_orchestration.py::test_exec_auth_rejection PASSED        [ 52%]
tests/unit/test_orchestration.py::test_exec_auth_proposal_mismatch PASSED [ 52%]
tests/unit/test_orchestration.py::test_exec_auth_risk_auth_mismatch PASSED [ 53%]
tests/unit/test_orchestration.py::test_exec_auth_sizing_mismatch PASSED  [ 53%]
tests/unit/test_orchestration.py::test_exec_auth_crash PASSED            [ 53%]
tests/unit/test_orchestration.py::test_exec_block_live PASSED            [ 54%]
tests/unit/test_orchestration.py::test_exec_shadow_redirect PASSED       [ 54%]
tests/unit/test_orchestration.py::test_exec_status_failed PASSED         [ 55%]
tests/unit/test_orchestration.py::test_exec_crash PASSED                 [ 55%]
tests/unit/test_orchestration.py::test_portfolio_crash PASSED            [ 55%]
tests/unit/test_orchestration.py::test_lifecycle_registration_crash PASSED [ 56%]
tests/unit/test_orchestration.py::test_partial_fill_success PASSED       [ 56%]
tests/unit/test_orchestration.py::test_successful_exit_cycle PASSED      [ 56%]
tests/unit/test_orchestration.py::test_exit_cycle_evaluation_crash PASSED [ 57%]
tests/unit/test_orchestration.py::test_exit_cycle_auth_rejection_reverts_state PASSED [ 57%]
tests/unit/test_orchestration.py::test_exit_cycle_execution_failure_reverts_state PASSED [ 58%]
tests/unit/test_orchestration.py::test_exit_cycle_portfolio_crash PASSED [ 58%]
tests/unit/test_portfolio.py::test_long_position_lifecycle PASSED        [ 58%]
tests/unit/test_portfolio.py::test_short_position_lifecycle PASSED       [ 59%]
tests/unit/test_portfolio.py::test_position_reversal PASSED              [ 59%]
tests/unit/test_portfolio.py::test_position_reversal_disabled_rejection PASSED [ 60%]
tests/unit/test_portfolio.py::test_multiple_fills_atomic_application PASSED [ 60%]
tests/unit/test_portfolio.py::test_total_fee_mismatch_rejection PASSED   [ 60%]
tests/unit/test_portfolio.py::test_atomic_application_partial_failure_rollback PASSED [ 61%]
tests/unit/test_portfolio.py::test_market_price_update_mtm PASSED        [ 61%]
tests/unit/test_portfolio.py::test_margin_and_leverage PASSED            [ 61%]
tests/unit/test_portfolio.py::test_exposures PASSED                      [ 62%]
tests/unit/test_portfolio.py::test_high_water_mark_and_drawdown PASSED   [ 62%]
tests/unit/test_portfolio.py::test_duplicate_fill_ingestion_rejection PASSED [ 63%]
tests/unit/test_portfolio.py::test_fill_idempotency_store_eviction PASSED [ 63%]
tests/unit/test_portfolio.py::test_fill_idempotency_concurrency PASSED   [ 63%]
tests/unit/test_portfolio.py::test_portfolio_risk_context_bridge PASSED  [ 64%]
tests/unit/test_portfolio.py::test_snapshots_lineage PASSED              [ 64%]
tests/unit/test_portfolio.py::test_telemetry_invocation PASSED           [ 64%]
tests/unit/test_portfolio.py::test_invalid_parameters_and_bounds PASSED  [ 65%]
tests/unit/test_portfolio.py::test_portfolio_ast_dependencies PASSED     [ 65%]
tests/unit/test_position_lifecycle.py::test_stop_loss_validation PASSED  [ 66%]
tests/unit/test_position_lifecycle.py::test_stop_loss_triggering PASSED  [ 66%]
tests/unit/test_position_lifecycle.py::test_take_profit_validation PASSED [ 66%]
tests/unit/test_position_lifecycle.py::test_take_profit_triggering PASSED [ 67%]
tests/unit/test_position_lifecycle.py::test_trailing_stop_activation_and_adjustment PASSED [ 67%]
tests/unit/test_position_lifecycle.py::test_trailing_activation_threshold PASSED [ 67%]
tests/unit/test_position_lifecycle.py::test_breakeven_adjustment PASSED  [ 68%]
tests/unit/test_position_lifecycle.py::test_machine_states_and_idempotency PASSED [ 68%]
tests/unit/test_position_lifecycle.py::test_partial_quantity_synchronization PASSED [ 69%]
tests/unit/test_position_lifecycle.py::test_reversal_creates_new_lifecycle PASSED [ 69%]
tests/unit/test_position_lifecycle.py::test_market_data_freshness_validations PASSED [ 69%]
tests/unit/test_position_lifecycle.py::test_nan_inf_safety PASSED        [ 70%]
tests/unit/test_position_lifecycle.py::test_gap_limitations_and_priority PASSED [ 70%]
tests/unit/test_position_lifecycle.py::test_exit_execution_request_builder_and_bridge PASSED [ 70%]
tests/unit/test_position_lifecycle.py::test_thread_safety_and_single_exit_generation PASSED [ 71%]
tests/unit/test_position_lifecycle.py::test_package_dependencies_isolation PASSED [ 71%]
tests/unit/test_position_lifecycle.py::test_telemetry_latency_recording PASSED [ 72%]
tests/unit/test_positioning.py::test_valid_bullish_sizing PASSED         [ 72%]
tests/unit/test_positioning.py::test_valid_bearish_sizing PASSED         [ 72%]
tests/unit/test_positioning.py::test_quantity_rounding_down PASSED       [ 73%]
tests/unit/test_positioning.py::test_rounding_up_risk_violation PASSED   [ 73%]
tests/unit/test_positioning.py::test_leverage_does_not_increase_risk_budget PASSED [ 73%]
tests/unit/test_positioning.py::test_invalid_stop_orientation PASSED     [ 74%]
tests/unit/test_positioning.py::test_sizing_limits_gates PASSED          [ 74%]
tests/unit/test_positioning.py::test_exposure_limit_violations PASSED    [ 75%]
tests/unit/test_positioning.py::test_insufficient_margin_capital PASSED  [ 75%]
tests/unit/test_positioning.py::test_stale_market_data PASSED            [ 75%]
tests/unit/test_positioning.py::test_stale_authorization PASSED          [ 76%]
tests/unit/test_positioning.py::test_rejected_auth_raises_error PASSED   [ 76%]
tests/unit/test_positioning.py::test_adjusted_auth_uses_reduced_fraction PASSED [ 76%]
tests/unit/test_positioning.py::test_neutral_direction_fail_closed PASSED [ 77%]
tests/unit/test_positioning.py::test_future_market_timestamp PASSED      [ 77%]
tests/unit/test_positioning.py::test_nan_inf_inputs_rejected PASSED      [ 78%]
tests/unit/test_positioning.py::test_telemetry_captures_audit_info PASSED [ 78%]
tests/unit/test_positioning.py::test_sizing_determinism PASSED           [ 78%]
tests/unit/test_positioning.py::test_unsupported_instrument_fails_closed PASSED [ 79%]
tests/unit/test_positioning.py::test_positioning_package_execution_isolation PASSED [ 79%]
tests/unit/test_registry.py::test_lifecycle_transitions PASSED           [ 80%]
tests/unit/test_registry.py::test_registry_registration_and_promotion PASSED [ 80%]
tests/unit/test_registry.py::test_registry_loading PASSED                [ 80%]
tests/unit/test_registry.py::test_registry_find_best PASSED              [ 81%]
tests/unit/test_registry.py::test_registry_experiment_integration PASSED [ 81%]
tests/unit/test_risk.py::test_valid_proposal_approved PASSED             [ 81%]
tests/unit/test_risk.py::test_expired_proposal_rejected PASSED           [ 82%]
tests/unit/test_risk.py::test_stale_and_future_proposal_rejected PASSED  [ 82%]
tests/unit/test_risk.py::test_confidence_validation PASSED               [ 83%]
tests/unit/test_risk.py::test_daily_loss_gate_rejected PASSED            [ 83%]
tests/unit/test_risk.py::test_drawdown_gate_rejected PASSED              [ 83%]
tests/unit/test_risk.py::test_exposure_gates_rejected PASSED             [ 84%]
tests/unit/test_risk.py::test_leverage_gate_rejected PASSED              [ 84%]
tests/unit/test_risk.py::test_open_position_limits_rejected PASSED       [ 84%]
tests/unit/test_risk.py::test_consecutive_loss_gate PASSED               [ 85%]
tests/unit/test_risk.py::test_volatility_and_liquidity_gates PASSED      [ 85%]
tests/unit/test_risk.py::test_ml_drift_defense_in_depth PASSED           [ 86%]
tests/unit/test_risk.py::test_blocking_risk_flags PASSED                 [ 86%]
tests/unit/test_risk.py::test_unrecognized_safety_flags_rejected PASSED  [ 86%]
tests/unit/test_risk.py::test_risk_adjustments PASSED                    [ 87%]
tests/unit/test_risk.py::test_floor_and_cap_limits PASSED                [ 87%]
tests/unit/test_risk.py::test_risk_telemetry PASSED                      [ 87%]
tests/unit/test_risk.py::test_invalid_context_fail_closed PASSED         [ 88%]
tests/unit/test_risk.py::test_repeated_evaluations_deterministic PASSED  [ 88%]
tests/unit/test_risk.py::test_policy_validations PASSED                  [ 89%]
tests/unit/test_risk.py::test_risk_package_execution_isolation PASSED    [ 89%]
tests/unit/test_risk.py::test_audit_lineage_preserved PASSED             [ 89%]
tests/unit/test_risk.py::test_execution_order_isolation_boundary PASSED  [ 90%]
tests/unit/test_strategy_framework.py::test_base_strategy_cannot_be_instantiated PASSED [ 90%]
tests/unit/test_strategy_framework.py::test_rule_based_strategy_decision_parity PASSED [ 90%]
tests/unit/test_strategy_framework.py::test_strategy_registry_registration PASSED [ 91%]
tests/unit/test_strategy_framework.py::test_strategy_loader_loads_successfully PASSED [ 91%]
tests/unit/test_strategy_framework.py::test_decision_engine_delegation PASSED [ 92%]
tests/unit/test_strategy_framework.py::test_invalid_strategy_fails_gracefully PASSED [ 92%]
tests/unit/test_training.py::test_trainer_registry PASSED                [ 92%]
tests/unit/test_training.py::test_dataset_validator PASSED               [ 93%]
tests/unit/test_training.py::test_evaluation_metrics PASSED              [ 93%]
tests/unit/test_training.py::test_model_persistence PASSED               [ 93%]
tests/unit/test_training.py::test_candidate_selection PASSED             [ 94%]
tests/unit/test_training.py::test_deterministic_training PASSED          [ 94%]
tests/unit/test_training.py::test_pipeline_experiment_integration PASSED [ 95%]
tests/unit/test_validation.py::test_benchmark_registry_loading PASSED    [ 95%]
tests/unit/test_validation.py::test_custom_validator_paper_executor_applies_commissions_and_slippage PASSED [ 95%]
tests/unit/test_validation.py::test_validation_pipeline_fully_concludes PASSED [ 96%]
tests/unit/test_validation.py::test_purged_time_series_split_chronological_and_bounds PASSED [ 96%]
tests/unit/test_validation.py::test_purged_time_series_split_purging_and_embargo PASSED [ 96%]
tests/unit/test_validation.py::test_purged_time_series_split_small_dataset PASSED [ 97%]
tests/unit/test_validation.py::test_purged_time_series_split_zero_horizon PASSED [ 97%]
tests/unit/test_validation.py::test_purged_time_series_split_determinism PASSED [ 98%]
tests/unit/test_validation.py::test_purged_time_series_split_leakage_prevention_comparison PASSED [ 98%]
tests/unit/test_validation.py::test_validation_pipeline_cv_rejections_and_data PASSED [ 98%]
tests/unit/test_walk_forward.py::test_walk_forward_split_generation PASSED [ 99%]
tests/unit/test_walk_forward.py::test_walk_forward_result_aggregation PASSED [ 99%]
tests/unit/test_walk_forward.py::test_walk_forward_engine_run_with_memory_db PASSED [100%]

============================== warnings summary ===============================
tests/unit/test_inference_trust.py::test_platt_calibration
tests/unit/test_inference_trust.py::test_platt_calibration
tests/unit/test_inference_trust.py::test_platt_calibration
tests/unit/test_inference_trust.py::test_platt_calibration
tests/unit/test_training.py::test_model_persistence
tests/unit/test_training.py::test_model_persistence
tests/unit/test_training.py::test_model_persistence
tests/unit/test_training.py::test_model_persistence
  C:\Users\safad\QuantForge\.venv\Lib\site-packages\joblib\numpy_pickle.py:207: DeprecationWarning: Setting the shape on a NumPy array has been deprecated in NumPy 2.5.
  As an alternative, you can create a new view using np.reshape (with copy=False if needed).
    array.shape = self.shape

-- Docs: https://docs.pytest.org/en/stable/how-to/capture-warnings.html
====================== 265 passed, 8 warnings in 20.25s =======================
