============================= test session starts =============================
platform win32 -- Python 3.13.13, pytest-9.1.1, pluggy-1.6.0
rootdir: C:\Users\safad\QuantForge
plugins: anyio-4.14.1, langsmith-0.10.2
collected 131 items / 1 error

=================================== ERRORS ====================================
_______________ ERROR collecting tests/unit/test_positioning.py _______________
tests\unit\test_positioning.py:22: in <module>
    class MockPositionSizingTelemetrySink(PositionSizingTelemetrySink):
tests\unit\test_positioning.py:28: in MockPositionSizingTelemetrySink
    result: Optional[PositionSizeResult],
            ^^^^^^^^
E   NameError: name 'Optional' is not defined
=========================== short test summary info ===========================
ERROR tests/unit/test_positioning.py - NameError: name 'Optional' is not defined
!!!!!!!!!!!!!!!!!!! Interrupted: 1 error during collection !!!!!!!!!!!!!!!!!!!!
============================== 1 error in 1.68s ===============================
