============================= test session starts =============================
platform win32 -- Python 3.13.13, pytest-9.1.1, pluggy-1.6.0
rootdir: C:\Users\safad\QuantForge
plugins: anyio-4.14.1, langsmith-0.10.2
collected 0 items / 1 error

=================================== ERRORS ====================================
________________ ERROR collecting tests/unit/test_decision.py _________________
ImportError while importing test module 'C:\Users\safad\QuantForge\tests\unit\test_decision.py'.
Hint: make sure your test modules/packages have valid Python names.
Traceback:
..\AppData\Local\Programs\Python\Python313\Lib\importlib\__init__.py:88: in import_module
    return _bootstrap._gcd_import(name[level:], package, level)
           ^^^^^^^^^^^^^^^^^^^^^^^^^^^^^^^^^^^^^^^^^^^^^^^^^^^^
tests\unit\test_decision.py:10: in <module>
    from backend.decision.exceptions import DecisionError, InvalidPolicyError, ContextStoreError
E   ModuleNotFoundError: No module named 'backend'
=========================== short test summary info ===========================
ERROR tests/unit/test_decision.py
!!!!!!!!!!!!!!!!!!! Interrupted: 1 error during collection !!!!!!!!!!!!!!!!!!!!
============================== 1 error in 0.12s ===============================
