============================= test session starts =============================
platform win32 -- Python 3.13.13, pytest-9.1.1, pluggy-1.6.0
rootdir: C:\Users\safad\QuantForge
plugins: anyio-4.14.1, langsmith-0.10.2
collected 91 items

tests\unit\test_dataset.py ............                                  [ 13%]
tests\unit\test_experiment.py ....                                       [ 17%]
tests\unit\test_inference.py .............                               [ 31%]
tests\unit\test_inference_trust.py .......                               [ 39%]
tests\unit\test_intelligence.py ......                                   [ 46%]
tests\unit\test_metrics_engine.py ..........                             [ 57%]
tests\unit\test_optimization.py ........                                 [ 65%]
tests\unit\test_registry.py .....                                        [ 71%]
tests\unit\test_strategy_framework.py ......                             [ 78%]
tests\unit\test_training.py .......                                      [ 85%]
tests\unit\test_validation.py ..........                                 [ 96%]
tests\unit\test_walk_forward.py ...                                      [100%]

============================== warnings summary ===============================
tests/unit/test_inference_trust.py::test_platt_calibration
tests/unit/test_inference_trust.py::test_platt_calibration
tests/unit/test_inference_trust.py::test_platt_calibration
tests/unit/test_inference_trust.py::test_platt_calibration
tests/unit/test_training.py::test_model_persistence
tests/unit/test_training.py::test_model_persistence
tests/unit/test_training.py::test_model_persistence
tests/unit/test_training.py::test_model_persistence
  C:\Users\safad\QuantForge\.venv\Lib\site-packages\joblib\numpy_pickle.py:207: DeprecationWarning: Setting the shape on a NumPy array has been deprecated in NumPy 2.5.
  As an alternative, you can create a new view using np.reshape (with copy=False if needed).
    array.shape = self.shape

-- Docs: https://docs.pytest.org/en/stable/how-to/capture-warnings.html
======================= 91 passed, 8 warnings in 54.84s =======================
