============================= test session starts =============================
platform win32 -- Python 3.13.13, pytest-9.1.1, pluggy-1.6.0 -- C:\Users\safad\QuantForge\.venv\Scripts\python.exe
cachedir: .pytest_cache
rootdir: C:\Users\safad\QuantForge
plugins: anyio-4.14.1, langsmith-0.10.2
collecting ... collected 13 items

tests/unit/test_inference.py::test_successful_single_inference_classification PASSED [  7%]
tests/unit/test_inference.py::test_successful_single_inference_regression PASSED [ 15%]
tests/unit/test_inference.py::test_true_batch_inference PASSED           [ 23%]
tests/unit/test_inference.py::test_partial_batch_failure_semantics PASSED [ 30%]
tests/unit/test_inference.py::test_exact_model_version_pinning_and_no_implicit_switching PASSED [ 38%]
tests/unit/test_inference.py::test_cache_hits_and_invalidation_lifecycle PASSED [ 46%]
tests/unit/test_inference.py::test_explicit_reload PASSED                [ 53%]
tests/unit/test_inference.py::test_lifecycle_gates_eligibility FAILED    [ 61%]
tests/unit/test_inference.py::test_cached_model_becomes_deprecated_registry_check PASSED [ 69%]
tests/unit/test_inference.py::test_schema_feature_validation_failures PASSED [ 76%]
tests/unit/test_inference.py::test_canonical_feature_ordering_enforcement PASSED [ 84%]
tests/unit/test_inference.py::test_corrupted_model_artifact_load_handling PASSED [ 92%]
tests/unit/test_inference.py::test_prediction_model_exception_fail_closed PASSED [100%]

================================== FAILURES ===================================
______________________ test_lifecycle_gates_eligibility _______________________

mock_registry_setup = (<backend.training.registry.ModelRegistry object at 0x0000014C3AE50490>, <backend.training.registry_repo.LocalModelRegistryRepository object at 0x0000014C3AE50160>)

    def test_lifecycle_gates_eligibility(mock_registry_setup):
        registry, repo = mock_registry_setup
        engine = InferenceEngine(registry=registry)
    
        # Register and leave in TRAINING state
        manifest = {
            "feature_version": "v1.0",
            "label_version": "v1.0",
            "trainer": "lightgbm",
            "feature_importance": {"f1": 1.0},
        }
        registry.repo.save(registry.register("clf-training", "ds-clf", "path", manifest))
    
        req = InferenceRequest(
            model_version="clf-training",
            symbol="BTCUSD",
            timeframe="1h",
            features={"f1": 10.0},
            feature_version="v1.0",
            timestamp=datetime.datetime.now().isoformat()
        )
    
        # Rejected because status is ModelStatus.TRAINING
        with pytest.raises(LifecycleError) as exc_info:
            engine.predict_one(req)
        assert "ineligible for inference" in str(exc_info.value)
    
        # Promote to CANDIDATE
        registry.promote("clf-training", ModelStatus.CANDIDATE)
        with pytest.raises(LifecycleError):
            engine.predict_one(req)
    
        # Promote to VALIDATED -> Accept
        registry.promote("clf-training", ModelStatus.VALIDATED)
        # Patch to load FakePredictionModel object or register real file
        # Let's bypass file load error by mocking raw load in registry
        registry.repo.get("clf-training").model_path = registry.repo.get("clf-v1").model_path
        registry.repo.save(registry.repo.get("clf-training"))
    
>       response = engine.predict_one(req)
                   ^^^^^^^^^^^^^^^^^^^^^^^

tests\unit\test_inference.py:402: 
_ _ _ _ _ _ _ _ _ _ _ _ _ _ _ _ _ _ _ _ _ _ _ _ _ _ _ _ _ _ _ _ _ _ _ _ _ _ _ _
backend\inference\engine.py:149: in predict_one
    raise error
backend\inference\engine.py:55: in predict_one
    model, cache_hit = self.cache.get_model(request.model_version)
                       ^^^^^^^^^^^^^^^^^^^^^^^^^^^^^^^^^^^^^^^^^^^
backend\inference\model_loader.py:109: in get_model
    self.verifier.verify(model_record.model_path, model_record.transition_history[-1].__dict__)
_ _ _ _ _ _ _ _ _ _ _ _ _ _ _ _ _ _ _ _ _ _ _ _ _ _ _ _ _ _ _ _ _ _ _ _ _ _ _ _

self = <backend.inference.model_loader.ManifestChecksumVerifier object at 0x0000014C3AE50D10>
model_path = 'path'
manifest = {'from_status': 'CANDIDATE', 'to_status': 'VALIDATED', 'timestamp': '2026-07-21T08:27:52.415889+00:00', 'notes': None}

    def verify(self, model_path: str, manifest: Dict[str, Any]) -> bool:
        if not os.path.exists(model_path):
>           raise ModelLoadError(f"Model artifact file '{model_path}' does not exist.")
E           backend.inference.exceptions.ModelLoadError: Model artifact file 'path' does not exist.

backend\inference\model_loader.py:42: ModelLoadError
------------------------------ Captured log call ------------------------------
ERROR    backend.inference.telemetry:telemetry.py:82 {"event": "inference_failure", "model_version": "clf-training", "symbol": "BTCUSD", "error_type": "LifecycleError", "error_message": "Model 'clf-training' has status 'TRAINING', which is ineligible for inference. Valid statuses: ['PRODUCTION', 'SHADOW', 'VALIDATED'].", "latency_ms": 1.0697999969124794, "timestamp": "2026-07-21T11:27:52.405414"}
ERROR    backend.inference.telemetry:telemetry.py:82 {"event": "inference_failure", "model_version": "clf-training", "symbol": "BTCUSD", "error_type": "LifecycleError", "error_message": "Model 'clf-training' has status 'CANDIDATE', which is ineligible for inference. Valid statuses: ['PRODUCTION', 'SHADOW', 'VALIDATED'].", "latency_ms": 8.399000042118132, "timestamp": "2026-07-21T11:27:52.405414"}
ERROR    backend.inference.telemetry:telemetry.py:82 {"event": "inference_failure", "model_version": "clf-training", "symbol": "BTCUSD", "error_type": "ModelLoadError", "error_message": "Model artifact file 'path' does not exist.", "latency_ms": 0.9510000236332417, "timestamp": "2026-07-21T11:27:52.405414"}
=========================== short test summary info ===========================
FAILED tests/unit/test_inference.py::test_lifecycle_gates_eligibility - backend.inference.exceptions.ModelLoadError: Model artifact file 'path' does not exist.
======================== 1 failed, 12 passed in 2.94s =========================

=== STDERR ===
